<?xml version="1.0" encoding="UTF-8"?>
<!-- Generated by org.testng.reporters.JUnitReportReporter -->
<testsuite hostname="Lenovo" failures="0" tests="2" name="myTest.Test001" time="94.407" errors="0" timestamp="2023-07-06T03:08:39 IST" skipped="0">
  <testcase classname="myTest.Test001" name="verifyLogo" time="61.987"/>
  <system-out/>
  <testcase classname="myTest.Test001" name="verifyTitle" time="32.420"/>
  <system-out/>
</testsuite> <!-- myTest.Test001 -->
